<?xml version="1.0" encoding="UTF-8"?>
<testsuites>
    <testsuite name="AdvantageOnlineShopping" tests="2">
        <testcase name="Transaction Response Time: AOS_landing_page - average of 1746 ms, compared to the defined amount of 3000 ms" time="1.746" systemOut="SLA &#34;Transaction Response Time&#34; passed.&#xA;The transaction name: AOS_landing_page, has an average of 1746 ms, compared to the defined amount of 3000 ms."></testcase>
        <testcase name="Percentage of Failed Transactions - 0% compared to the defined amount of 3%" systemOut="SLA &#34;Percentage of Failed Transactions&#34; passed.&#xA;The failing transactions ratio is 0%, compared to the defined amount of 3%."></testcase>
    </testsuite>
</testsuites>